[2026-03-25 18:29:07] ═══════════════════════════════════════
[2026-03-25 18:29:07] 🚀 Email Monitor iniciando...
[2026-03-25 18:29:07] 📁 Estado inicializado: /home/enderj/.openclaw/workspace/memory/email_monitor_state.json
[2026-03-25 18:29:07] 📬 Revisando enderjnets@gmail.com...
[2026-03-25 18:29:08]   → 30 threads encontrados en enderjnets@gmail.com
[2026-03-25 18:29:08] ⚠️  Falló proceso para enderjnets@gmail.com
[2026-03-25 18:29:08] 📬 Revisando blackvoltmobility@gmail.com...
[2026-03-25 18:29:09]   → 8 threads encontrados en blackvoltmobility@gmail.com
[2026-03-25 18:29:09] ⚠️  Falló proceso para blackvoltmobility@gmail.com
[2026-03-25 18:29:09] ✅ Email Monitor completado
[2026-03-25 18:29:09] ═══════════════════════════════════════
[2026-03-25 19:00:01] ═══════════════════════════════════════════
[2026-03-25 19:00:01] 🚀 Email Monitor iniciando...
[2026-03-25 19:00:03]   → 30 threads en enderjnets
[2026-03-25 19:00:03]   ⬜ LOW: The AI gold rush is here. Are you holding a shovel?
[2026-03-25 19:00:03]   ⬜ LOW: 🍏 Ya puedes cobrar con tu iPhone en México!
[2026-03-25 19:00:03]   → 0 alertas emitidas, 2 IDs nuevos
[2026-03-25 19:00:04]   → 24 threads en blackvolt
[2026-03-25 19:00:04]   → 0 alertas emitidas, 0 IDs nuevos
[2026-03-25 19:00:04] ✅ Sin correos nuevos importantes — silencio
[2026-03-25 19:00:04] 🏁 Email Monitor terminado
[2026-03-25 19:00:04] ═══════════════════════════════════════════
[2026-03-25 19:30:01] ═══════════════════════════════════════════
[2026-03-25 19:30:01] 🚀 Email Monitor iniciando...
[2026-03-25 19:30:03]   → 30 threads en enderjnets
[2026-03-25 19:30:03]   ⬜ LOW: You paid off part of your loan
[2026-03-25 19:30:03]   → 0 alertas emitidas, 1 IDs nuevos
[2026-03-25 19:30:04]   → 24 threads en blackvolt
[2026-03-25 19:30:04]   → 0 alertas emitidas, 0 IDs nuevos
[2026-03-25 19:30:04] ✅ Sin correos nuevos importantes — silencio
[2026-03-25 19:30:04] 🏁 Email Monitor terminado
[2026-03-25 19:30:04] ═══════════════════════════════════════════
[2026-03-25 20:00:01] ═══════════════════════════════════════════
[2026-03-25 20:00:01] 🚀 Email Monitor iniciando...
[2026-03-25 20:00:03]   → 30 threads en enderjnets
[2026-03-25 20:00:03]   → 0 alertas emitidas, 0 IDs nuevos
[2026-03-25 20:00:04]   → 24 threads en blackvolt
[2026-03-25 20:00:04]   → 0 alertas emitidas, 0 IDs nuevos
[2026-03-25 20:00:04] ✅ Sin correos nuevos importantes — silencio
[2026-03-25 20:00:04] 🏁 Email Monitor terminado
[2026-03-25 20:00:04] ═══════════════════════════════════════════
[2026-03-25 20:30:01] ═══════════════════════════════════════════
[2026-03-25 20:30:01] 🚀 Email Monitor iniciando...
[2026-03-25 20:30:03]   → 30 threads en enderjnets
[2026-03-25 20:30:03]   ⬜ LOW: The Evening Post: Wednesday, March 25, 2026
[2026-03-25 20:30:03]   ⬜ LOW: Why don't we eat these breakfast foods anymore?
[2026-03-25 20:30:03]   → 0 alertas emitidas, 2 IDs nuevos
[2026-03-25 20:30:04]   → 24 threads en blackvolt
[2026-03-25 20:30:04]   → 0 alertas emitidas, 0 IDs nuevos
[2026-03-25 20:30:04] ✅ Sin correos nuevos importantes — silencio
[2026-03-25 20:30:04] 🏁 Email Monitor terminado
[2026-03-25 20:30:04] ═══════════════════════════════════════════
[2026-03-25 21:00:01] ═══════════════════════════════════════════
[2026-03-25 21:00:01] 🚀 Email Monitor iniciando...
[2026-03-25 21:00:03]   → 30 threads en enderjnets
[2026-03-25 21:00:03]   ⬜ LOW: Updates to Terms of Use, Privacy Policy, and Cookie Policy
[2026-03-25 21:00:03]   → 0 alertas emitidas, 1 IDs nuevos
[2026-03-25 21:00:04]   → 24 threads en blackvolt
[2026-03-25 21:00:04]   → 0 alertas emitidas, 0 IDs nuevos
[2026-03-25 21:00:04] ✅ Sin correos nuevos importantes — silencio
[2026-03-25 21:00:04] 🏁 Email Monitor terminado
[2026-03-25 21:00:05] ═══════════════════════════════════════════
[2026-03-25 21:30:01] ═══════════════════════════════════════════
[2026-03-25 21:30:01] 🚀 Email Monitor iniciando...
[2026-03-25 21:30:03]   → 30 threads en enderjnets
[2026-03-25 21:30:03]   ⬜ LOW: The deal you viewed is now on sale
[2026-03-25 21:30:03]   → 0 alertas emitidas, 1 IDs nuevos
[2026-03-25 21:30:04]   → 24 threads en blackvolt
[2026-03-25 21:30:04]   → 0 alertas emitidas, 0 IDs nuevos
[2026-03-25 21:30:04] ✅ Sin correos nuevos importantes — silencio
[2026-03-25 21:30:04] 🏁 Email Monitor terminado
[2026-03-25 21:30:04] ═══════════════════════════════════════════
[2026-03-25 22:00:01] ═══════════════════════════════════════════
[2026-03-25 22:00:01] 🚀 Email Monitor iniciando...
[2026-03-25 22:00:02]   → 30 threads en enderjnets
[2026-03-25 22:00:02]   ⬜ LOW: "NVIDIA's New AI Plan Will Shock You"
[2026-03-25 22:00:02]   ⬜ LOW: Introducing The Impact Fund
[2026-03-25 22:00:02]   → 0 alertas emitidas, 2 IDs nuevos
[2026-03-25 22:00:03]   → 24 threads en blackvolt
[2026-03-25 22:00:03]   → 0 alertas emitidas, 0 IDs nuevos
[2026-03-25 22:00:03] ✅ Sin correos nuevos importantes — silencio
[2026-03-25 22:00:03] 🏁 Email Monitor terminado
[2026-03-25 22:00:03] ═══════════════════════════════════════════
[2026-03-25 22:30:01] ═══════════════════════════════════════════
[2026-03-25 22:30:01] 🚀 Email Monitor iniciando...
[2026-03-25 22:30:02]   → 30 threads en enderjnets
[2026-03-25 22:30:02]   ⬜ LOW: Microfiber Bamboo Blend Sheet Set (1800 Thread Count) - Smar
[2026-03-25 22:30:02]   ⬜ LOW: Reminder: Post a review of your tires
[2026-03-25 22:30:02]   ⬜ LOW: 🌿 We provide the right environment

[2026-03-25 22:30:02]   → 0 alertas emitidas, 3 IDs nuevos
[2026-03-25 22:30:04]   → 24 threads en blackvolt
[2026-03-25 22:30:04]   → 0 alertas emitidas, 0 IDs nuevos
[2026-03-25 22:30:04] ✅ Sin correos nuevos importantes — silencio
[2026-03-25 22:30:04] 🏁 Email Monitor terminado
[2026-03-25 22:30:04] ═══════════════════════════════════════════
[2026-03-25 23:00:01] ═══════════════════════════════════════════
[2026-03-25 23:00:01] 🚀 Email Monitor iniciando...
[2026-03-25 23:00:03]   → 30 threads en enderjnets
[2026-03-25 23:00:03]   → 0 alertas emitidas, 0 IDs nuevos
[2026-03-25 23:00:04]   → 24 threads en blackvolt
[2026-03-25 23:00:04]   → 0 alertas emitidas, 0 IDs nuevos
[2026-03-25 23:00:04] ✅ Sin correos nuevos importantes — silencio
[2026-03-25 23:00:04] 🏁 Email Monitor terminado
[2026-03-25 23:00:04] ═══════════════════════════════════════════
[2026-03-25 23:30:01] ═══════════════════════════════════════════
[2026-03-25 23:30:01] 🚀 Email Monitor iniciando...
[2026-03-25 23:30:02]   → 30 threads en enderjnets
[2026-03-25 23:30:02]   → 0 alertas emitidas, 0 IDs nuevos
[2026-03-25 23:30:03]   → 24 threads en blackvolt
[2026-03-25 23:30:03]   → 0 alertas emitidas, 0 IDs nuevos
[2026-03-25 23:30:03] ✅ Sin correos nuevos importantes — silencio
[2026-03-25 23:30:03] 🏁 Email Monitor terminado
[2026-03-25 23:30:03] ═══════════════════════════════════════════
[2026-03-26 00:00:01] ═══════════════════════════════════════════
[2026-03-26 00:00:01] 🚀 Email Monitor iniciando...
[2026-03-26 00:00:02]   → 30 threads en enderjnets
[2026-03-26 00:00:02]   → 0 alertas emitidas, 0 IDs nuevos
[2026-03-26 00:00:03]   → 24 threads en blackvolt
[2026-03-26 00:00:03]   → 0 alertas emitidas, 0 IDs nuevos
[2026-03-26 00:00:03] ✅ Sin correos nuevos importantes — silencio
[2026-03-26 00:00:03] 🏁 Email Monitor terminado
[2026-03-26 00:00:03] ═══════════════════════════════════════════
[2026-03-26 00:30:01] ═══════════════════════════════════════════
[2026-03-26 00:30:01] 🚀 Email Monitor iniciando...
[2026-03-26 00:30:03]   → 30 threads en enderjnets
[2026-03-26 00:30:03]   ⬜ LOW: Daily Digest: PC Components Blowout and more!
[2026-03-26 00:30:03]   → 0 alertas emitidas, 1 IDs nuevos
[2026-03-26 00:30:04]   → 24 threads en blackvolt
[2026-03-26 00:30:04]   → 0 alertas emitidas, 0 IDs nuevos
[2026-03-26 00:30:04] ✅ Sin correos nuevos importantes — silencio
[2026-03-26 00:30:04] 🏁 Email Monitor terminado
[2026-03-26 00:30:04] ═══════════════════════════════════════════
[2026-03-26 01:00:01] ═══════════════════════════════════════════
[2026-03-26 01:00:01] 🚀 Email Monitor iniciando...
[2026-03-26 01:00:02]   → 30 threads en enderjnets
[2026-03-26 01:00:02]   ⬜ LOW: Token Collected For Conversion - 2026-03-26 06:37:14 (UTC)
[2026-03-26 01:00:02]   → 0 alertas emitidas, 1 IDs nuevos
[2026-03-26 01:00:03]   → 24 threads en blackvolt
[2026-03-26 01:00:03]   → 0 alertas emitidas, 0 IDs nuevos
[2026-03-26 01:00:03] ✅ Sin correos nuevos importantes — silencio
[2026-03-26 01:00:03] 🏁 Email Monitor terminado
[2026-03-26 01:00:03] ═══════════════════════════════════════════
[2026-03-26 01:30:01] ═══════════════════════════════════════════
[2026-03-26 01:30:01] 🚀 Email Monitor iniciando...
[2026-03-26 01:30:02]   → 30 threads en enderjnets
[2026-03-26 01:30:02]   → 0 alertas emitidas, 0 IDs nuevos
[2026-03-26 01:30:04]   → 24 threads en blackvolt
[2026-03-26 01:30:04]   → 0 alertas emitidas, 0 IDs nuevos
[2026-03-26 01:30:04] ✅ Sin correos nuevos importantes — silencio
[2026-03-26 01:30:04] 🏁 Email Monitor terminado
[2026-03-26 01:30:04] ═══════════════════════════════════════════
[2026-03-26 02:00:01] ═══════════════════════════════════════════
[2026-03-26 02:00:01] 🚀 Email Monitor iniciando...
[2026-03-26 02:00:03]   → 30 threads en enderjnets
[2026-03-26 02:00:03]   ⬜ LOW: Costco 1-Year Membership + $45 Costco Shop Card Offer
[2026-03-26 02:00:03]   ⬜ LOW: Introducing Encore 🤩 more style, more access, more savings
[2026-03-26 02:00:03]   → 0 alertas emitidas, 2 IDs nuevos
[2026-03-26 02:00:04]   → 24 threads en blackvolt
[2026-03-26 02:00:04]   → 0 alertas emitidas, 0 IDs nuevos
[2026-03-26 02:00:04] ✅ Sin correos nuevos importantes — silencio
[2026-03-26 02:00:04] 🏁 Email Monitor terminado
[2026-03-26 02:00:04] ═══════════════════════════════════════════
[2026-03-26 02:30:01] ═══════════════════════════════════════════
[2026-03-26 02:30:01] 🚀 Email Monitor iniciando...
[2026-03-26 02:30:02]   → 30 threads en enderjnets
[2026-03-26 02:30:02]   → 0 alertas emitidas, 0 IDs nuevos
[2026-03-26 02:30:03]   → 24 threads en blackvolt
[2026-03-26 02:30:03]   → 0 alertas emitidas, 0 IDs nuevos
[2026-03-26 02:30:03] ✅ Sin correos nuevos importantes — silencio
[2026-03-26 02:30:03] 🏁 Email Monitor terminado
[2026-03-26 02:30:03] ═══════════════════════════════════════════
[2026-03-26 03:00:01] ═══════════════════════════════════════════
[2026-03-26 03:00:01] 🚀 Email Monitor iniciando...
[2026-03-26 03:00:02]   → 30 threads en enderjnets
[2026-03-26 03:00:02]   → 0 alertas emitidas, 0 IDs nuevos
[2026-03-26 03:00:04]   → 24 threads en blackvolt
[2026-03-26 03:00:04]   → 0 alertas emitidas, 0 IDs nuevos
[2026-03-26 03:00:04] ✅ Sin correos nuevos importantes — silencio
[2026-03-26 03:00:04] 🏁 Email Monitor terminado
[2026-03-26 03:00:04] ═══════════════════════════════════════════
